e:\schoolwork\game1011\assignment 1\build\assignment1.dir\debug\vc143.pdb
e:\schoolwork\game1011\assignment 1\build\assignment1.dir\debug\main.obj
e:\schoolwork\game1011\assignment 1\build\assignment1.dir\debug\wizard.obj
e:\schoolwork\game1011\assignment 1\build\assignment1.dir\debug\undead.obj
e:\schoolwork\game1011\assignment 1\build\assignment1.dir\debug\player.obj
e:\schoolwork\game1011\assignment 1\build\assignment1.dir\debug\orc.obj
e:\schoolwork\game1011\assignment 1\build\assignment1.dir\debug\knight.obj
e:\schoolwork\game1011\assignment 1\build\assignment1.dir\debug\enemy.obj
e:\schoolwork\game1011\assignment 1\build\cmakefiles\generate.stamp
e:\schoolwork\game1011\assignment 1\build\debug\assignment1.exe
e:\schoolwork\game1011\assignment 1\build\debug\assignment1.pdb
e:\schoolwork\game1011\assignment 1\build\assignment1.dir\debug\assignment1.ilk
e:\schoolwork\game1011\assignment 1\build\assignment1.dir\debug\assignment1.tlog\cl.command.1.tlog
e:\schoolwork\game1011\assignment 1\build\assignment1.dir\debug\assignment1.tlog\cl.items.tlog
e:\schoolwork\game1011\assignment 1\build\assignment1.dir\debug\assignment1.tlog\cl.read.1.tlog
e:\schoolwork\game1011\assignment 1\build\assignment1.dir\debug\assignment1.tlog\cl.write.1.tlog
e:\schoolwork\game1011\assignment 1\build\assignment1.dir\debug\assignment1.tlog\custombuild.command.1.tlog
e:\schoolwork\game1011\assignment 1\build\assignment1.dir\debug\assignment1.tlog\custombuild.read.1.tlog
e:\schoolwork\game1011\assignment 1\build\assignment1.dir\debug\assignment1.tlog\custombuild.write.1.tlog
e:\schoolwork\game1011\assignment 1\build\assignment1.dir\debug\assignment1.tlog\link.command.1.tlog
e:\schoolwork\game1011\assignment 1\build\assignment1.dir\debug\assignment1.tlog\link.read.1.tlog
e:\schoolwork\game1011\assignment 1\build\assignment1.dir\debug\assignment1.tlog\link.secondary.1.tlog
e:\schoolwork\game1011\assignment 1\build\assignment1.dir\debug\assignment1.tlog\link.write.1.tlog
