e:\schoolwork\game1011\charactercustomizer\build\charactercustomizer.dir\debug\vc143.pdb
e:\schoolwork\game1011\charactercustomizer\build\charactercustomizer.dir\debug\weapon.obj
e:\schoolwork\game1011\charactercustomizer\build\charactercustomizer.dir\debug\armour_set.obj
e:\schoolwork\game1011\charactercustomizer\build\charactercustomizer.dir\debug\ability.obj
e:\schoolwork\game1011\charactercustomizer\build\charactercustomizer.dir\debug\validator.obj
e:\schoolwork\game1011\charactercustomizer\build\charactercustomizer.dir\debug\main.obj
e:\schoolwork\game1011\charactercustomizer\build\charactercustomizer.dir\debug\armoury.obj
e:\schoolwork\game1011\charactercustomizer\build\charactercustomizer.dir\debug\character.obj
e:\schoolwork\game1011\charactercustomizer\build\cmakefiles\generate.stamp
e:\schoolwork\game1011\charactercustomizer\build\debug\charactercustomizer.exe
e:\schoolwork\game1011\charactercustomizer\build\debug\charactercustomizer.pdb
e:\schoolwork\game1011\charactercustomizer\build\charactercustomizer.dir\debug\charactercustomizer.ilk
e:\schoolwork\game1011\charactercustomizer\build\charactercustomizer.dir\debug\characte.cbb7f735.tlog\cl.command.1.tlog
e:\schoolwork\game1011\charactercustomizer\build\charactercustomizer.dir\debug\characte.cbb7f735.tlog\cl.items.tlog
e:\schoolwork\game1011\charactercustomizer\build\charactercustomizer.dir\debug\characte.cbb7f735.tlog\cl.read.1.tlog
e:\schoolwork\game1011\charactercustomizer\build\charactercustomizer.dir\debug\characte.cbb7f735.tlog\cl.write.1.tlog
e:\schoolwork\game1011\charactercustomizer\build\charactercustomizer.dir\debug\characte.cbb7f735.tlog\custombuild.command.1.tlog
e:\schoolwork\game1011\charactercustomizer\build\charactercustomizer.dir\debug\characte.cbb7f735.tlog\custombuild.read.1.tlog
e:\schoolwork\game1011\charactercustomizer\build\charactercustomizer.dir\debug\characte.cbb7f735.tlog\custombuild.write.1.tlog
e:\schoolwork\game1011\charactercustomizer\build\charactercustomizer.dir\debug\characte.cbb7f735.tlog\link.command.1.tlog
e:\schoolwork\game1011\charactercustomizer\build\charactercustomizer.dir\debug\characte.cbb7f735.tlog\link.read.1.tlog
e:\schoolwork\game1011\charactercustomizer\build\charactercustomizer.dir\debug\characte.cbb7f735.tlog\link.secondary.1.tlog
e:\schoolwork\game1011\charactercustomizer\build\charactercustomizer.dir\debug\characte.cbb7f735.tlog\link.write.1.tlog
